Using pre-set license
Built from '2020.2/release' branch; Version is '2020.2.4f1 (becced5a802b) revision 12504301'; Using compiler version '192528614'; Build Type 'Release'
OS: 'Windows 10 Pro; OS build 18363.1440; Version 1909; 64bit' Language: 'en' Physical Memory: 32685 MB
BatchMode: 1, IsHumanControllingUs: 0, StartBugReporterOnCrash: 0, Is64bit: 1, IsPro: 0

 COMMAND LINE ARGUMENTS:
C:\Program Files\Unity\Hub\Editor\2020.2.4f1\Editor\Unity.exe
-adb2
-batchMode
-noUpm
-name
AssetImportWorker0
-projectPath
C:/Users/gagep/OneDrive/Documents/REPO/gpe340/GPE340
-logFile
Logs/AssetImportWorker0.log
-srvPort
63020
Successfully changed project path to: C:/Users/gagep/OneDrive/Documents/REPO/gpe340/GPE340
C:/Users/gagep/OneDrive/Documents/REPO/gpe340/GPE340
Using Asset Import Pipeline V2.
Refreshing native plugins compatible for Editor in 18.55 ms, found 0 plugins.
Preloading 0 native plugins for Editor in 0.00 ms.
Initialize engine version: 2020.2.4f1 (becced5a802b)
[Subsystems] Discovering subsystems at path C:/Program Files/Unity/Hub/Editor/2020.2.4f1/Editor/Data/Resources/UnitySubsystems
[Subsystems] Discovering subsystems at path C:/Users/gagep/OneDrive/Documents/REPO/gpe340/GPE340/Assets
GfxDevice: creating device client; threaded=0
Direct3D:
    Version:  Direct3D 11.0 [level 11.1]
    Renderer: NVIDIA GeForce RTX 3070 (ID=0x2484)
    Vendor:   
    VRAM:     8043 MB
    Driver:   27.21.14.6109
Initialize mono
Mono path[0] = 'C:/Program Files/Unity/Hub/Editor/2020.2.4f1/Editor/Data/Managed'
Mono path[1] = 'C:/Program Files/Unity/Hub/Editor/2020.2.4f1/Editor/Data/MonoBleedingEdge/lib/mono/unityjit'
Mono config path = 'C:/Program Files/Unity/Hub/Editor/2020.2.4f1/Editor/Data/MonoBleedingEdge/etc'
Using monoOptions --debugger-agent=transport=dt_socket,embedding=1,server=y,suspend=n,address=127.0.0.1:56268
Begin MonoManager ReloadAssembly
Registering precompiled unity dll's ...
Register platform support module: C:/Program Files/Unity/Hub/Editor/2020.2.4f1/Editor/Data/PlaybackEngines/WindowsStandaloneSupport/UnityEditor.WindowsStandalone.Extensions.dll
Registered in 0.001330 seconds.
Native extension for WindowsStandalone target not found
Refreshing native plugins compatible for Editor in 18.19 ms, found 0 plugins.
Preloading 0 native plugins for Editor in 0.00 ms.
Invoked RoslynAnalysisRunner static constructor.
RoslynAnalysisRunner will not be running.
RoslynAnalysisRunner has terminated.
Mono: successfully reloaded assembly
- Completed reload, in  0.753 seconds
Platform modules already initialized, skipping
Registering precompiled user dll's ...
Registered in 0.000488 seconds.
Begin MonoManager ReloadAssembly
Native extension for WindowsStandalone target not found
Refreshing native plugins compatible for Editor in 0.17 ms, found 0 plugins.
Preloading 0 native plugins for Editor in 0.00 ms.
Invoked RoslynAnalysisRunner static constructor.
RoslynAnalysisRunner will not be running.
RoslynAnalysisRunner has terminated.
Mono: successfully reloaded assembly
- Completed reload, in  0.592 seconds
Platform modules already initialized, skipping
========================================================================
Worker process is ready to serve import requests
Launched and connected shader compiler UnityShaderCompiler.exe after 0.03 seconds
Refreshing native plugins compatible for Editor in 0.16 ms, found 0 plugins.
Preloading 0 native plugins for Editor in 0.00 ms.
Unloading 1138 Unused Serialized files (Serialized files now loaded: 0)
System memory in use before: 61.3 MB.
System memory in use after: 61.3 MB.

Unloading 10 unused Assets to reduce memory usage. Loaded Objects now: 1587.
Total: 1.299300 ms (FindLiveObjects: 0.112600 ms CreateObjectMapping: 0.036900 ms MarkObjects: 1.081500 ms  DeleteObjects: 0.067500 ms)

========================================================================
Received Import Request.
  path: Assets/Music/7OOP3D_-_Obedience.mp3
  artifactKey: Guid(c81559ffa8aa60b4e9bf477bd78bf745) Importer(815301076,1909f56bfc062723c751e8b465ee728b)
Start importing Assets/Music/7OOP3D_-_Obedience.mp3 using Guid(c81559ffa8aa60b4e9bf477bd78bf745) Importer(815301076,1909f56bfc062723c751e8b465ee728b)  -> (artifact id: '06ed63693472e2c852b25524a2824d32') in 0.112038 seconds
  Import took 0.113703 seconds .

========================================================================
Received Prepare
Registering precompiled user dll's ...
Registered in 0.000417 seconds.
Begin MonoManager ReloadAssembly
Native extension for WindowsStandalone target not found
Refreshing native plugins compatible for Editor in 0.17 ms, found 0 plugins.
Preloading 0 native plugins for Editor in 0.00 ms.
Invoked RoslynAnalysisRunner static constructor.
RoslynAnalysisRunner will not be running.
RoslynAnalysisRunner has terminated.
Mono: successfully reloaded assembly
- Completed reload, in  0.536 seconds
Platform modules already initialized, skipping
Refreshing native plugins compatible for Editor in 0.19 ms, found 0 plugins.
Preloading 0 native plugins for Editor in 0.00 ms.
Unloading 1120 Unused Serialized files (Serialized files now loaded: 0)
System memory in use before: 63.3 MB.
System memory in use after: 63.4 MB.

Unloading 5 unused Assets to reduce memory usage. Loaded Objects now: 1598.
Total: 1.089100 ms (FindLiveObjects: 0.095000 ms CreateObjectMapping: 0.024300 ms MarkObjects: 0.925200 ms  DeleteObjects: 0.043900 ms)

========================================================================
Received Import Request.
  Time since last request: 55.334288 seconds.
  path: Assets/GPE340.mixer
  artifactKey: Guid(cb976b971af15564584aaa153cec0408) Importer(815301076,1909f56bfc062723c751e8b465ee728b)
Start importing Assets/GPE340.mixer using Guid(cb976b971af15564584aaa153cec0408) Importer(815301076,1909f56bfc062723c751e8b465ee728b)  -> (artifact id: 'cb2015315af72011c6ddbf6a27c066c7') in 0.016255 seconds
  Import took 0.017837 seconds .

========================================================================
Received Import Request.
  Time since last request: 20.283338 seconds.
  path: Assets/GPE340.mixer
  artifactKey: Guid(cb976b971af15564584aaa153cec0408) Importer(815301076,1909f56bfc062723c751e8b465ee728b)
Start importing Assets/GPE340.mixer using Guid(cb976b971af15564584aaa153cec0408) Importer(815301076,1909f56bfc062723c751e8b465ee728b)  -> (artifact id: 'f02362f9ed3ac7b3eb0c265544e5725c') in 0.002529 seconds
  Import took 0.020362 seconds .

========================================================================
Received Import Request.
  Time since last request: 4.275766 seconds.
  path: Assets/GPE340.mixer
  artifactKey: Guid(cb976b971af15564584aaa153cec0408) Importer(815301076,1909f56bfc062723c751e8b465ee728b)
Start importing Assets/GPE340.mixer using Guid(cb976b971af15564584aaa153cec0408) Importer(815301076,1909f56bfc062723c751e8b465ee728b)  -> (artifact id: '6affa625b46d72dc1cb3a2bf285192a8') in 0.002380 seconds
  Import took 0.004163 seconds .

========================================================================
Received Import Request.
  Time since last request: 2.623320 seconds.
  path: Assets/GPE340.mixer
  artifactKey: Guid(cb976b971af15564584aaa153cec0408) Importer(815301076,1909f56bfc062723c751e8b465ee728b)
Start importing Assets/GPE340.mixer using Guid(cb976b971af15564584aaa153cec0408) Importer(815301076,1909f56bfc062723c751e8b465ee728b)  -> (artifact id: '388cf4f7666b3c5e603f7da2a48d10cd') in 0.002420 seconds
  Import took 0.014081 seconds .

========================================================================
Received Import Request.
  Time since last request: 2.204988 seconds.
  path: Assets/GPE340.mixer
  artifactKey: Guid(cb976b971af15564584aaa153cec0408) Importer(815301076,1909f56bfc062723c751e8b465ee728b)
Start importing Assets/GPE340.mixer using Guid(cb976b971af15564584aaa153cec0408) Importer(815301076,1909f56bfc062723c751e8b465ee728b)  -> (artifact id: 'de63f48820909d35ce32ed183ff7da14') in 0.002454 seconds
  Import took 0.019932 seconds .

========================================================================
Received Prepare
Registering precompiled user dll's ...
Registered in 0.000461 seconds.
Begin MonoManager ReloadAssembly
Native extension for WindowsStandalone target not found
Refreshing native plugins compatible for Editor in 0.17 ms, found 0 plugins.
Preloading 0 native plugins for Editor in 0.00 ms.
Invoked RoslynAnalysisRunner static constructor.
RoslynAnalysisRunner will not be running.
RoslynAnalysisRunner has terminated.
Mono: successfully reloaded assembly
- Completed reload, in  0.532 seconds
Platform modules already initialized, skipping
Refreshing native plugins compatible for Editor in 0.17 ms, found 0 plugins.
Preloading 0 native plugins for Editor in 0.00 ms.
Unloading 1120 Unused Serialized files (Serialized files now loaded: 0)
System memory in use before: 63.4 MB.
System memory in use after: 63.4 MB.

Unloading 5 unused Assets to reduce memory usage. Loaded Objects now: 1600.
Total: 1.116700 ms (FindLiveObjects: 0.096800 ms CreateObjectMapping: 0.025000 ms MarkObjects: 0.946500 ms  DeleteObjects: 0.047300 ms)

========================================================================
Received Import Request.
  Time since last request: 156.142754 seconds.
  path: Assets/Scripts/SettingsMenu.cs
  artifactKey: Guid(5dec9c6eef32d6547a470dbe5b2f4667) Importer(815301076,1909f56bfc062723c751e8b465ee728b)
Start importing Assets/Scripts/SettingsMenu.cs using Guid(5dec9c6eef32d6547a470dbe5b2f4667) Importer(815301076,1909f56bfc062723c751e8b465ee728b)  -> (artifact id: '2ee42b0db872b876ae274836a62aa5c1') in 0.010577 seconds
  Import took 0.141558 seconds .

========================================================================
Received Import Request.
  Time since last request: 120.806687 seconds.
  path: Assets/Scripts/SettingsMenu.cs
  artifactKey: Guid(5dec9c6eef32d6547a470dbe5b2f4667) Importer(815301076,1909f56bfc062723c751e8b465ee728b)
Start importing Assets/Scripts/SettingsMenu.cs using Guid(5dec9c6eef32d6547a470dbe5b2f4667) Importer(815301076,1909f56bfc062723c751e8b465ee728b)  -> (artifact id: '17f5e80abcb90c78deb780394b52184b') in 0.002372 seconds
  Import took 0.058811 seconds .

========================================================================
Received Prepare
Registering precompiled user dll's ...
Registered in 0.000494 seconds.
Begin MonoManager ReloadAssembly
Native extension for WindowsStandalone target not found
Refreshing native plugins compatible for Editor in 0.17 ms, found 0 plugins.
Preloading 0 native plugins for Editor in 0.00 ms.
Invoked RoslynAnalysisRunner static constructor.
RoslynAnalysisRunner will not be running.
RoslynAnalysisRunner has terminated.
Mono: successfully reloaded assembly
- Completed reload, in  0.530 seconds
Platform modules already initialized, skipping
Refreshing native plugins compatible for Editor in 0.17 ms, found 0 plugins.
Preloading 0 native plugins for Editor in 0.00 ms.
Unloading 1120 Unused Serialized files (Serialized files now loaded: 0)
System memory in use before: 63.4 MB.
System memory in use after: 63.5 MB.

Unloading 5 unused Assets to reduce memory usage. Loaded Objects now: 1602.
Total: 1.154100 ms (FindLiveObjects: 0.101100 ms CreateObjectMapping: 0.025500 ms MarkObjects: 0.981700 ms  DeleteObjects: 0.045100 ms)

========================================================================
Received Prepare
Registering precompiled user dll's ...
Registered in 0.000420 seconds.
Begin MonoManager ReloadAssembly
Native extension for WindowsStandalone target not found
Refreshing native plugins compatible for Editor in 0.17 ms, found 0 plugins.
Preloading 0 native plugins for Editor in 0.00 ms.
Invoked RoslynAnalysisRunner static constructor.
RoslynAnalysisRunner will not be running.
RoslynAnalysisRunner has terminated.
Mono: successfully reloaded assembly
- Completed reload, in  0.528 seconds
Platform modules already initialized, skipping
Refreshing native plugins compatible for Editor in 0.16 ms, found 0 plugins.
Preloading 0 native plugins for Editor in 0.00 ms.
Unloading 1120 Unused Serialized files (Serialized files now loaded: 0)
System memory in use before: 63.4 MB.
System memory in use after: 63.5 MB.

Unloading 5 unused Assets to reduce memory usage. Loaded Objects now: 1604.
Total: 1.119300 ms (FindLiveObjects: 0.095900 ms CreateObjectMapping: 0.026100 ms MarkObjects: 0.947800 ms  DeleteObjects: 0.048700 ms)

========================================================================
Received Prepare
Registering precompiled user dll's ...
Registered in 0.000472 seconds.
Begin MonoManager ReloadAssembly
Native extension for WindowsStandalone target not found
Refreshing native plugins compatible for Editor in 0.18 ms, found 0 plugins.
Preloading 0 native plugins for Editor in 0.00 ms.
Invoked RoslynAnalysisRunner static constructor.
RoslynAnalysisRunner will not be running.
RoslynAnalysisRunner has terminated.
Mono: successfully reloaded assembly
- Completed reload, in  0.520 seconds
Platform modules already initialized, skipping
Refreshing native plugins compatible for Editor in 0.17 ms, found 0 plugins.
Preloading 0 native plugins for Editor in 0.00 ms.
Unloading 1120 Unused Serialized files (Serialized files now loaded: 0)
System memory in use before: 63.4 MB.
System memory in use after: 63.5 MB.

Unloading 5 unused Assets to reduce memory usage. Loaded Objects now: 1606.
Total: 1.100200 ms (FindLiveObjects: 0.100100 ms CreateObjectMapping: 0.025800 ms MarkObjects: 0.928300 ms  DeleteObjects: 0.045300 ms)

========================================================================
Received Prepare
Registering precompiled user dll's ...
Registered in 0.000442 seconds.
Begin MonoManager ReloadAssembly
Native extension for WindowsStandalone target not found
Refreshing native plugins compatible for Editor in 0.17 ms, found 0 plugins.
Preloading 0 native plugins for Editor in 0.00 ms.
Invoked RoslynAnalysisRunner static constructor.
RoslynAnalysisRunner will not be running.
RoslynAnalysisRunner has terminated.
Mono: successfully reloaded assembly
- Completed reload, in  0.527 seconds
Platform modules already initialized, skipping
Refreshing native plugins compatible for Editor in 0.17 ms, found 0 plugins.
Preloading 0 native plugins for Editor in 0.00 ms.
Unloading 1120 Unused Serialized files (Serialized files now loaded: 0)
System memory in use before: 63.4 MB.
System memory in use after: 63.5 MB.

Unloading 5 unused Assets to reduce memory usage. Loaded Objects now: 1608.
Total: 1.245300 ms (FindLiveObjects: 0.110400 ms CreateObjectMapping: 0.027400 ms MarkObjects: 1.052500 ms  DeleteObjects: 0.053800 ms)

========================================================================
Received Import Request.
  Time since last request: 331.257897 seconds.
  path: Assets/Music/GPE340.mixer
  artifactKey: Guid(cb976b971af15564584aaa153cec0408) Importer(815301076,1909f56bfc062723c751e8b465ee728b)
Start importing Assets/Music/GPE340.mixer using Guid(cb976b971af15564584aaa153cec0408) Importer(815301076,1909f56bfc062723c751e8b465ee728b)  -> (artifact id: '51c37deeeeb1cd6536e411d0d927a99c') in 0.010181 seconds
  Import took 0.012478 seconds .

========================================================================
Received Import Request.
  Time since last request: 1.268439 seconds.
  path: Assets/Music/GPE340.mixer
  artifactKey: Guid(cb976b971af15564584aaa153cec0408) Importer(815301076,1909f56bfc062723c751e8b465ee728b)
Start importing Assets/Music/GPE340.mixer using Guid(cb976b971af15564584aaa153cec0408) Importer(815301076,1909f56bfc062723c751e8b465ee728b)  -> (artifact id: '51c37deeeeb1cd6536e411d0d927a99c') in 0.002680 seconds
  Import took 0.004121 seconds .

========================================================================
Received Prepare
Registering precompiled user dll's ...
Registered in 0.000462 seconds.
Begin MonoManager ReloadAssembly
Native extension for WindowsStandalone target not found
Refreshing native plugins compatible for Editor in 0.17 ms, found 0 plugins.
Preloading 0 native plugins for Editor in 0.00 ms.
Invoked RoslynAnalysisRunner static constructor.
RoslynAnalysisRunner will not be running.
RoslynAnalysisRunner has terminated.
Mono: successfully reloaded assembly
- Completed reload, in  0.520 seconds
Platform modules already initialized, skipping
Refreshing native plugins compatible for Editor in 0.17 ms, found 0 plugins.
Preloading 0 native plugins for Editor in 0.00 ms.
Unloading 1120 Unused Serialized files (Serialized files now loaded: 0)
System memory in use before: 63.4 MB.
System memory in use after: 63.5 MB.

Unloading 5 unused Assets to reduce memory usage. Loaded Objects now: 1610.
Total: 1.163200 ms (FindLiveObjects: 0.090500 ms CreateObjectMapping: 0.024400 ms MarkObjects: 1.000000 ms  DeleteObjects: 0.047400 ms)

========================================================================
Received Prepare
Registering precompiled user dll's ...
Registered in 0.000443 seconds.
Begin MonoManager ReloadAssembly
Native extension for WindowsStandalone target not found
Refreshing native plugins compatible for Editor in 0.17 ms, found 0 plugins.
Preloading 0 native plugins for Editor in 0.00 ms.
Invoked RoslynAnalysisRunner static constructor.
RoslynAnalysisRunner will not be running.
RoslynAnalysisRunner has terminated.
Mono: successfully reloaded assembly
- Completed reload, in  0.536 seconds
Platform modules already initialized, skipping
Refreshing native plugins compatible for Editor in 0.17 ms, found 0 plugins.
Preloading 0 native plugins for Editor in 0.00 ms.
Unloading 1120 Unused Serialized files (Serialized files now loaded: 0)
System memory in use before: 63.4 MB.
System memory in use after: 63.5 MB.

Unloading 5 unused Assets to reduce memory usage. Loaded Objects now: 1612.
Total: 1.194000 ms (FindLiveObjects: 0.096100 ms CreateObjectMapping: 0.027300 ms MarkObjects: 1.018700 ms  DeleteObjects: 0.050900 ms)

========================================================================
Received Prepare
Refreshing native plugins compatible for Editor in 0.56 ms, found 0 plugins.
Preloading 0 native plugins for Editor in 0.00 ms.
Unloading 3 Unused Serialized files (Serialized files now loaded: 0)
System memory in use before: 41.3 MB.
System memory in use after: 41.4 MB.

Unloading 3 unused Assets to reduce memory usage. Loaded Objects now: 1612.
Total: 1.172800 ms (FindLiveObjects: 0.098000 ms CreateObjectMapping: 0.026300 ms MarkObjects: 0.999900 ms  DeleteObjects: 0.047600 ms)

========================================================================
Received Prepare
Registering precompiled user dll's ...
Registered in 0.000440 seconds.
Begin MonoManager ReloadAssembly
Native extension for WindowsStandalone target not found
Refreshing native plugins compatible for Editor in 0.17 ms, found 0 plugins.
Preloading 0 native plugins for Editor in 0.00 ms.
Invoked RoslynAnalysisRunner static constructor.
RoslynAnalysisRunner will not be running.
RoslynAnalysisRunner has terminated.
Mono: successfully reloaded assembly
- Completed reload, in  0.535 seconds
Platform modules already initialized, skipping
Refreshing native plugins compatible for Editor in 0.17 ms, found 0 plugins.
Preloading 0 native plugins for Editor in 0.00 ms.
Unloading 1120 Unused Serialized files (Serialized files now loaded: 0)
System memory in use before: 63.4 MB.
System memory in use after: 63.5 MB.

Unloading 5 unused Assets to reduce memory usage. Loaded Objects now: 1614.
Total: 1.135600 ms (FindLiveObjects: 0.102900 ms CreateObjectMapping: 0.026900 ms MarkObjects: 0.953900 ms  DeleteObjects: 0.051100 ms)

========================================================================
Received Prepare
Registering precompiled user dll's ...
Registered in 0.000444 seconds.
Begin MonoManager ReloadAssembly
Native extension for WindowsStandalone target not found
Refreshing native plugins compatible for Editor in 0.17 ms, found 0 plugins.
Preloading 0 native plugins for Editor in 0.00 ms.
Invoked RoslynAnalysisRunner static constructor.
RoslynAnalysisRunner will not be running.
RoslynAnalysisRunner has terminated.
Mono: successfully reloaded assembly
- Completed reload, in  0.724 seconds
Platform modules already initialized, skipping
Refreshing native plugins compatible for Editor in 0.19 ms, found 0 plugins.
Preloading 0 native plugins for Editor in 0.00 ms.
Unloading 1120 Unused Serialized files (Serialized files now loaded: 0)
System memory in use before: 63.4 MB.
System memory in use after: 63.5 MB.

Unloading 5 unused Assets to reduce memory usage. Loaded Objects now: 1616.
Total: 1.140400 ms (FindLiveObjects: 0.101300 ms CreateObjectMapping: 0.029100 ms MarkObjects: 0.960400 ms  DeleteObjects: 0.048400 ms)

========================================================================
Received Prepare
Refreshing native plugins compatible for Editor in 0.57 ms, found 0 plugins.
Preloading 0 native plugins for Editor in 0.00 ms.
Unloading 3 Unused Serialized files (Serialized files now loaded: 0)
System memory in use before: 41.3 MB.
System memory in use after: 41.4 MB.

Unloading 3 unused Assets to reduce memory usage. Loaded Objects now: 1616.
Total: 1.221800 ms (FindLiveObjects: 0.099600 ms CreateObjectMapping: 0.026200 ms MarkObjects: 1.040100 ms  DeleteObjects: 0.055200 ms)

========================================================================
Received Prepare
Registering precompiled user dll's ...
Registered in 0.000480 seconds.
Begin MonoManager ReloadAssembly
Native extension for WindowsStandalone target not found
Refreshing native plugins compatible for Editor in 0.17 ms, found 0 plugins.
Preloading 0 native plugins for Editor in 0.00 ms.
Invoked RoslynAnalysisRunner static constructor.
RoslynAnalysisRunner will not be running.
RoslynAnalysisRunner has terminated.
Mono: successfully reloaded assembly
- Completed reload, in  0.522 seconds
Platform modules already initialized, skipping
Refreshing native plugins compatible for Editor in 0.16 ms, found 0 plugins.
Preloading 0 native plugins for Editor in 0.00 ms.
Unloading 1120 Unused Serialized files (Serialized files now loaded: 0)
System memory in use before: 63.4 MB.
System memory in use after: 63.5 MB.

Unloading 5 unused Assets to reduce memory usage. Loaded Objects now: 1618.
Total: 1.121500 ms (FindLiveObjects: 0.098300 ms CreateObjectMapping: 0.026200 ms MarkObjects: 0.953500 ms  DeleteObjects: 0.042700 ms)

========================================================================
Received Prepare
Registering precompiled user dll's ...
Registered in 0.000470 seconds.
Begin MonoManager ReloadAssembly
Native extension for WindowsStandalone target not found
Refreshing native plugins compatible for Editor in 0.18 ms, found 0 plugins.
Preloading 0 native plugins for Editor in 0.00 ms.
Invoked RoslynAnalysisRunner static constructor.
RoslynAnalysisRunner will not be running.
RoslynAnalysisRunner has terminated.
Mono: successfully reloaded assembly
- Completed reload, in  0.715 seconds
Platform modules already initialized, skipping
Refreshing native plugins compatible for Editor in 0.18 ms, found 0 plugins.
Preloading 0 native plugins for Editor in 0.00 ms.
Unloading 1120 Unused Serialized files (Serialized files now loaded: 0)
System memory in use before: 63.4 MB.
System memory in use after: 63.5 MB.

Unloading 5 unused Assets to reduce memory usage. Loaded Objects now: 1620.
Total: 1.099000 ms (FindLiveObjects: 0.106400 ms CreateObjectMapping: 0.024800 ms MarkObjects: 0.919000 ms  DeleteObjects: 0.047900 ms)

========================================================================
Received Prepare
Refreshing native plugins compatible for Editor in 0.55 ms, found 0 plugins.
Preloading 0 native plugins for Editor in 0.00 ms.
Unloading 3 Unused Serialized files (Serialized files now loaded: 0)
System memory in use before: 41.3 MB.
System memory in use after: 41.4 MB.

Unloading 3 unused Assets to reduce memory usage. Loaded Objects now: 1620.
Total: 1.207200 ms (FindLiveObjects: 0.109400 ms CreateObjectMapping: 0.029400 ms MarkObjects: 1.018100 ms  DeleteObjects: 0.049500 ms)

========================================================================
Received Prepare
Registering precompiled user dll's ...
Registered in 0.000466 seconds.
Begin MonoManager ReloadAssembly
Native extension for WindowsStandalone target not found
Refreshing native plugins compatible for Editor in 0.17 ms, found 0 plugins.
Preloading 0 native plugins for Editor in 0.00 ms.
Invoked RoslynAnalysisRunner static constructor.
RoslynAnalysisRunner will not be running.
RoslynAnalysisRunner has terminated.
Mono: successfully reloaded assembly
- Completed reload, in  0.528 seconds
Platform modules already initialized, skipping
Refreshing native plugins compatible for Editor in 0.16 ms, found 0 plugins.
Preloading 0 native plugins for Editor in 0.00 ms.
Unloading 1120 Unused Serialized files (Serialized files now loaded: 0)
System memory in use before: 63.4 MB.
System memory in use after: 63.5 MB.

Unloading 5 unused Assets to reduce memory usage. Loaded Objects now: 1622.
Total: 1.311700 ms (FindLiveObjects: 0.100700 ms CreateObjectMapping: 0.028900 ms MarkObjects: 1.128300 ms  DeleteObjects: 0.052900 ms)

========================================================================
Received Prepare
Registering precompiled user dll's ...
Registered in 0.000466 seconds.
Begin MonoManager ReloadAssembly
Native extension for WindowsStandalone target not found
Refreshing native plugins compatible for Editor in 0.17 ms, found 0 plugins.
Preloading 0 native plugins for Editor in 0.00 ms.
Invoked RoslynAnalysisRunner static constructor.
RoslynAnalysisRunner will not be running.
RoslynAnalysisRunner has terminated.
Mono: successfully reloaded assembly
- Completed reload, in  0.524 seconds
Platform modules already initialized, skipping
Refreshing native plugins compatible for Editor in 0.17 ms, found 0 plugins.
Preloading 0 native plugins for Editor in 0.00 ms.
Unloading 1120 Unused Serialized files (Serialized files now loaded: 0)
System memory in use before: 63.5 MB.
System memory in use after: 63.5 MB.

Unloading 5 unused Assets to reduce memory usage. Loaded Objects now: 1624.
Total: 1.185200 ms (FindLiveObjects: 0.105600 ms CreateObjectMapping: 0.029600 ms MarkObjects: 1.003400 ms  DeleteObjects: 0.045700 ms)

========================================================================
Received Prepare
Refreshing native plugins compatible for Editor in 0.55 ms, found 0 plugins.
Preloading 0 native plugins for Editor in 0.00 ms.
Unloading 3 Unused Serialized files (Serialized files now loaded: 0)
System memory in use before: 41.3 MB.
System memory in use after: 41.4 MB.

Unloading 3 unused Assets to reduce memory usage. Loaded Objects now: 1624.
Total: 1.116300 ms (FindLiveObjects: 0.094300 ms CreateObjectMapping: 0.027600 ms MarkObjects: 0.944100 ms  DeleteObjects: 0.049700 ms)

========================================================================
Received Import Request.
  Time since last request: 867.834739 seconds.
  path: Assets/Prefabs/Health Pickup.prefab
  artifactKey: Guid(b473cf43daee8dc499b2d70702163bd9) Importer(815301076,1909f56bfc062723c751e8b465ee728b)
Start importing Assets/Prefabs/Health Pickup.prefab using Guid(b473cf43daee8dc499b2d70702163bd9) Importer(815301076,1909f56bfc062723c751e8b465ee728b)  -> (artifact id: '31451bfd713f89880daffb0086069c49') in 0.047595 seconds
  Import took 0.049376 seconds .

========================================================================
Received Import Request.
  Time since last request: 0.000125 seconds.
  path: Assets/Prefabs/Rifle Pickup.prefab
  artifactKey: Guid(80a565bc458bca14d928f2d291c5d216) Importer(815301076,1909f56bfc062723c751e8b465ee728b)
Start importing Assets/Prefabs/Rifle Pickup.prefab using Guid(80a565bc458bca14d928f2d291c5d216) Importer(815301076,1909f56bfc062723c751e8b465ee728b)  -> (artifact id: '67594209758119ac85b8cbcdb1ff4bb8') in 0.063258 seconds
  Import took 0.064799 seconds .

========================================================================
Received Import Request.
  Time since last request: 0.000132 seconds.
  path: Assets/Prefabs/Settings.prefab
  artifactKey: Guid(c61b1d9d804238145b0fe438e87608c5) Importer(815301076,1909f56bfc062723c751e8b465ee728b)
Start importing Assets/Prefabs/Settings.prefab using Guid(c61b1d9d804238145b0fe438e87608c5) Importer(815301076,1909f56bfc062723c751e8b465ee728b)  -> (artifact id: '8d10b7cf5d892df998d81afb2502a6d5') in 0.065285 seconds
  Import took 0.077218 seconds .

========================================================================
Received Import Request.
  Time since last request: 0.057902 seconds.
  path: Assets/Music/GPE340.mixer
  artifactKey: Guid(cb976b971af15564584aaa153cec0408) Importer(815301076,1909f56bfc062723c751e8b465ee728b)
Start importing Assets/Music/GPE340.mixer using Guid(cb976b971af15564584aaa153cec0408) Importer(815301076,1909f56bfc062723c751e8b465ee728b)  -> (artifact id: '8df7e43cf37e2a95762e5cf09e5f5e05') in 0.002749 seconds
  Import took 0.013594 seconds .

========================================================================
Received Import Request.
  Time since last request: 154.759862 seconds.
  path: Assets/Sounds/Sounds/M4A1_Single-Kibblesbob-8540445.mp3
  artifactKey: Guid(d519418dc44d33945b1a675629a66cef) Importer(815301076,1909f56bfc062723c751e8b465ee728b)
Start importing Assets/Sounds/Sounds/M4A1_Single-Kibblesbob-8540445.mp3 using Guid(d519418dc44d33945b1a675629a66cef) Importer(815301076,1909f56bfc062723c751e8b465ee728b)  -> (artifact id: '90fabb6fd0471f213cf9a5401bf29f28') in 0.145658 seconds
  Import took 0.159155 seconds .

========================================================================
Received Import Request.
  Time since last request: 9.798951 seconds.
  path: Assets/Prefabs/M4A1 Sopmod.prefab
  artifactKey: Guid(d3f46bea009824342b7b0c46c33ef597) Importer(815301076,1909f56bfc062723c751e8b465ee728b)
Start importing Assets/Prefabs/M4A1 Sopmod.prefab using Guid(d3f46bea009824342b7b0c46c33ef597) Importer(815301076,1909f56bfc062723c751e8b465ee728b)  -> (artifact id: '2642f303d15f2410763443aff46468fb') in 0.017320 seconds
  Import took 0.019046 seconds .

========================================================================
Received Import Request.
  Time since last request: 0.003196 seconds.
  path: Assets/Prefabs/M4A1 Sopmod.prefab
  artifactKey: Guid(d3f46bea009824342b7b0c46c33ef597) Importer(815301076,1909f56bfc062723c751e8b465ee728b)
Start importing Assets/Prefabs/M4A1 Sopmod.prefab using Guid(d3f46bea009824342b7b0c46c33ef597) Importer(815301076,1909f56bfc062723c751e8b465ee728b)  -> (artifact id: '2642f303d15f2410763443aff46468fb') in 0.011911 seconds
  Import took 0.013511 seconds .

========================================================================
Received Import Request.
  Time since last request: 2.844961 seconds.
  path: Assets/Prefabs/M4A1 Sopmod.prefab
  artifactKey: Guid(d3f46bea009824342b7b0c46c33ef597) Importer(815301076,1909f56bfc062723c751e8b465ee728b)
Start importing Assets/Prefabs/M4A1 Sopmod.prefab using Guid(d3f46bea009824342b7b0c46c33ef597) Importer(815301076,1909f56bfc062723c751e8b465ee728b)  -> (artifact id: '5f3ab46e83c0163948bf2d7ee67d8857') in 0.011432 seconds
  Import took 0.013342 seconds .

========================================================================
Received Import Request.
  Time since last request: 0.003432 seconds.
  path: Assets/Prefabs/M4A1 Sopmod.prefab
  artifactKey: Guid(d3f46bea009824342b7b0c46c33ef597) Importer(815301076,1909f56bfc062723c751e8b465ee728b)
Start importing Assets/Prefabs/M4A1 Sopmod.prefab using Guid(d3f46bea009824342b7b0c46c33ef597) Importer(815301076,1909f56bfc062723c751e8b465ee728b)  -> (artifact id: '5f3ab46e83c0163948bf2d7ee67d8857') in 0.013359 seconds
  Import took 0.014944 seconds .

========================================================================
Received Import Request.
  Time since last request: 2.825722 seconds.
  path: Assets/Prefabs/M4A1 Sopmod.prefab
  artifactKey: Guid(d3f46bea009824342b7b0c46c33ef597) Importer(815301076,1909f56bfc062723c751e8b465ee728b)
Start importing Assets/Prefabs/M4A1 Sopmod.prefab using Guid(d3f46bea009824342b7b0c46c33ef597) Importer(815301076,1909f56bfc062723c751e8b465ee728b)  -> (artifact id: 'db73036cd131840629687ab972b9b099') in 0.012302 seconds
  Import took 0.024994 seconds .

========================================================================
Received Import Request.
  Time since last request: 4.579633 seconds.
  path: Assets/Prefabs/M4A1 Sopmod.prefab
  artifactKey: Guid(d3f46bea009824342b7b0c46c33ef597) Importer(815301076,1909f56bfc062723c751e8b465ee728b)
Start importing Assets/Prefabs/M4A1 Sopmod.prefab using Guid(d3f46bea009824342b7b0c46c33ef597) Importer(815301076,1909f56bfc062723c751e8b465ee728b)  -> (artifact id: 'fb9151faa595f5c0931b07c07232c74f') in 0.011357 seconds
  Import took 0.013064 seconds .

========================================================================
Received Import Request.
  Time since last request: 60.800369 seconds.
  path: Assets/Scripts/WeaponRifle.cs
  artifactKey: Guid(87c75ce3053141e44af8cd5031250678) Importer(815301076,1909f56bfc062723c751e8b465ee728b)
Start importing Assets/Scripts/WeaponRifle.cs using Guid(87c75ce3053141e44af8cd5031250678) Importer(815301076,1909f56bfc062723c751e8b465ee728b)  -> (artifact id: '978ad3191ec9eff19d1e3875a8f22cdd') in 0.005411 seconds
  Import took 0.020387 seconds .

========================================================================
Received Import Request.
  Time since last request: 13.379624 seconds.
  path: Assets/Scripts/WeaponRifle.cs
  artifactKey: Guid(87c75ce3053141e44af8cd5031250678) Importer(815301076,1909f56bfc062723c751e8b465ee728b)
Start importing Assets/Scripts/WeaponRifle.cs using Guid(87c75ce3053141e44af8cd5031250678) Importer(815301076,1909f56bfc062723c751e8b465ee728b)  -> (artifact id: '988a6a2bad0b5458c8663076abe8d50f') in 0.002419 seconds
  Import took 0.017503 seconds .

========================================================================
Received Prepare
Registering precompiled user dll's ...
Registered in 0.000435 seconds.
Begin MonoManager ReloadAssembly
Native extension for WindowsStandalone target not found
Refreshing native plugins compatible for Editor in 0.19 ms, found 0 plugins.
Preloading 0 native plugins for Editor in 0.00 ms.
Invoked RoslynAnalysisRunner static constructor.
RoslynAnalysisRunner will not be running.
RoslynAnalysisRunner has terminated.
Mono: successfully reloaded assembly
- Completed reload, in  0.527 seconds
Platform modules already initialized, skipping
Refreshing native plugins compatible for Editor in 0.17 ms, found 0 plugins.
Preloading 0 native plugins for Editor in 0.00 ms.
Unloading 1120 Unused Serialized files (Serialized files now loaded: 0)
System memory in use before: 63.9 MB.
System memory in use after: 64.0 MB.

Unloading 11 unused Assets to reduce memory usage. Loaded Objects now: 1628.
Total: 1.123800 ms (FindLiveObjects: 0.100900 ms CreateObjectMapping: 0.025700 ms MarkObjects: 0.937700 ms  DeleteObjects: 0.058800 ms)

========================================================================
Received Import Request.
  Time since last request: 15.582796 seconds.
  path: Assets/Scripts/WeaponRifle.cs
  artifactKey: Guid(87c75ce3053141e44af8cd5031250678) Importer(815301076,1909f56bfc062723c751e8b465ee728b)
Start importing Assets/Scripts/WeaponRifle.cs using Guid(87c75ce3053141e44af8cd5031250678) Importer(815301076,1909f56bfc062723c751e8b465ee728b)  -> (artifact id: '66bfc6ce42b7592ac1ddc629a639f4bf') in 0.004309 seconds
  Import took 0.005782 seconds .

========================================================================
Received Prepare
Registering precompiled user dll's ...
Registered in 0.000476 seconds.
Begin MonoManager ReloadAssembly
Native extension for WindowsStandalone target not found
Refreshing native plugins compatible for Editor in 0.18 ms, found 0 plugins.
Preloading 0 native plugins for Editor in 0.00 ms.
Invoked RoslynAnalysisRunner static constructor.
RoslynAnalysisRunner will not be running.
RoslynAnalysisRunner has terminated.
Mono: successfully reloaded assembly
- Completed reload, in  0.531 seconds
Platform modules already initialized, skipping
Refreshing native plugins compatible for Editor in 0.17 ms, found 0 plugins.
Preloading 0 native plugins for Editor in 0.00 ms.
Unloading 1120 Unused Serialized files (Serialized files now loaded: 0)
System memory in use before: 63.9 MB.
System memory in use after: 64.0 MB.

Unloading 5 unused Assets to reduce memory usage. Loaded Objects now: 1630.
Total: 1.226600 ms (FindLiveObjects: 0.105000 ms CreateObjectMapping: 0.028800 ms MarkObjects: 1.047500 ms  DeleteObjects: 0.044500 ms)

========================================================================
Received Import Request.
  Time since last request: 12.369348 seconds.
  path: Assets/Scripts/WeaponRifle.cs
  artifactKey: Guid(87c75ce3053141e44af8cd5031250678) Importer(815301076,1909f56bfc062723c751e8b465ee728b)
Start importing Assets/Scripts/WeaponRifle.cs using Guid(87c75ce3053141e44af8cd5031250678) Importer(815301076,1909f56bfc062723c751e8b465ee728b)  -> (artifact id: 'f8aef08c45d26acaf5fe12f0cbce05fa') in 0.003519 seconds
  Import took 0.025230 seconds .

========================================================================
Received Prepare
Registering precompiled user dll's ...
Registered in 0.000489 seconds.
Begin MonoManager ReloadAssembly
Native extension for WindowsStandalone target not found
Refreshing native plugins compatible for Editor in 0.18 ms, found 0 plugins.
Preloading 0 native plugins for Editor in 0.00 ms.
Invoked RoslynAnalysisRunner static constructor.
RoslynAnalysisRunner will not be running.
RoslynAnalysisRunner has terminated.
Mono: successfully reloaded assembly
- Completed reload, in  0.552 seconds
Platform modules already initialized, skipping
Refreshing native plugins compatible for Editor in 0.19 ms, found 0 plugins.
Preloading 0 native plugins for Editor in 0.00 ms.
Unloading 1120 Unused Serialized files (Serialized files now loaded: 0)
System memory in use before: 63.9 MB.
System memory in use after: 64.0 MB.

Unloading 5 unused Assets to reduce memory usage. Loaded Objects now: 1632.
Total: 1.269300 ms (FindLiveObjects: 0.101700 ms CreateObjectMapping: 0.025200 ms MarkObjects: 1.091900 ms  DeleteObjects: 0.049600 ms)

========================================================================
Received Import Request.
  Time since last request: 23.991028 seconds.
  path: Assets/Prefabs/M4A1 Sopmod.prefab
  artifactKey: Guid(d3f46bea009824342b7b0c46c33ef597) Importer(815301076,1909f56bfc062723c751e8b465ee728b)
Start importing Assets/Prefabs/M4A1 Sopmod.prefab using Guid(d3f46bea009824342b7b0c46c33ef597) Importer(815301076,1909f56bfc062723c751e8b465ee728b)  -> (artifact id: '0aaf6f1efd81f98e97df11e73843ac88') in 0.056981 seconds
  Import took 0.194056 seconds .

========================================================================
Received Import Request.
  Time since last request: 23.614822 seconds.
  path: Assets/Scenes/SampleScene.unity
  artifactKey: Guid(9fc0d4010bbf28b4594072e72b8655ab) Importer(815301076,1909f56bfc062723c751e8b465ee728b)
Start importing Assets/Scenes/SampleScene.unity using Guid(9fc0d4010bbf28b4594072e72b8655ab) Importer(815301076,1909f56bfc062723c751e8b465ee728b)  -> (artifact id: '5e1b485be4acafdd7e59ab732315fceb') in 0.005554 seconds
  Import took 0.028644 seconds .

========================================================================
Received Import Request.
  Time since last request: 9.070965 seconds.
  path: Assets/Prefabs/Settings.prefab
  artifactKey: Guid(c61b1d9d804238145b0fe438e87608c5) Importer(815301076,1909f56bfc062723c751e8b465ee728b)
Start importing Assets/Prefabs/Settings.prefab using Guid(c61b1d9d804238145b0fe438e87608c5) Importer(815301076,1909f56bfc062723c751e8b465ee728b)  -> (artifact id: 'c25aecd012c8edfd2e402b63afc76b67') in 0.064811 seconds
  Import took 0.078222 seconds .

========================================================================
Received Prepare
Registering precompiled user dll's ...
Registered in 0.000514 seconds.
Begin MonoManager ReloadAssembly
Native extension for WindowsStandalone target not found
Refreshing native plugins compatible for Editor in 0.17 ms, found 0 plugins.
Preloading 0 native plugins for Editor in 0.00 ms.
Invoked RoslynAnalysisRunner static constructor.
RoslynAnalysisRunner will not be running.
RoslynAnalysisRunner has terminated.
Mono: successfully reloaded assembly
- Completed reload, in  0.545 seconds
Platform modules already initialized, skipping
Refreshing native plugins compatible for Editor in 0.17 ms, found 0 plugins.
Preloading 0 native plugins for Editor in 0.00 ms.
Unloading 1120 Unused Serialized files (Serialized files now loaded: 0)
System memory in use before: 63.9 MB.
System memory in use after: 64.0 MB.

Unloading 11 unused Assets to reduce memory usage. Loaded Objects now: 1635.
Total: 1.202000 ms (FindLiveObjects: 0.106300 ms CreateObjectMapping: 0.026000 ms MarkObjects: 1.003500 ms  DeleteObjects: 0.065200 ms)

========================================================================
Received Prepare
Registering precompiled user dll's ...
Registered in 0.000508 seconds.
Begin MonoManager ReloadAssembly
Native extension for WindowsStandalone target not found
Refreshing native plugins compatible for Editor in 0.17 ms, found 0 plugins.
Preloading 0 native plugins for Editor in 0.00 ms.
Invoked RoslynAnalysisRunner static constructor.
RoslynAnalysisRunner will not be running.
RoslynAnalysisRunner has terminated.
Mono: successfully reloaded assembly
- Completed reload, in  0.529 seconds
Platform modules already initialized, skipping
Refreshing native plugins compatible for Editor in 0.19 ms, found 0 plugins.
Preloading 0 native plugins for Editor in 0.00 ms.
Unloading 1120 Unused Serialized files (Serialized files now loaded: 0)
System memory in use before: 63.9 MB.
System memory in use after: 64.0 MB.

Unloading 5 unused Assets to reduce memory usage. Loaded Objects now: 1637.
Total: 1.178700 ms (FindLiveObjects: 0.098100 ms CreateObjectMapping: 0.030300 ms MarkObjects: 0.999300 ms  DeleteObjects: 0.050100 ms)

========================================================================
Received Prepare
Registering precompiled user dll's ...
Registered in 0.000593 seconds.
Begin MonoManager ReloadAssembly
Native extension for WindowsStandalone target not found
Refreshing native plugins compatible for Editor in 0.17 ms, found 0 plugins.
Preloading 0 native plugins for Editor in 0.00 ms.
Invoked RoslynAnalysisRunner static constructor.
RoslynAnalysisRunner will not be running.
RoslynAnalysisRunner has terminated.
Mono: successfully reloaded assembly
- Completed reload, in  0.522 seconds
Platform modules already initialized, skipping
Refreshing native plugins compatible for Editor in 0.17 ms, found 0 plugins.
Preloading 0 native plugins for Editor in 0.00 ms.
Unloading 1120 Unused Serialized files (Serialized files now loaded: 0)
System memory in use before: 63.9 MB.
System memory in use after: 64.0 MB.

Unloading 5 unused Assets to reduce memory usage. Loaded Objects now: 1639.
Total: 1.204400 ms (FindLiveObjects: 0.097900 ms CreateObjectMapping: 0.025600 ms MarkObjects: 1.033000 ms  DeleteObjects: 0.047300 ms)

========================================================================
Received Import Request.
  Time since last request: 260.540074 seconds.
  path: Assets/Prefabs/M4A1 Sopmod.prefab
  artifactKey: Guid(d3f46bea009824342b7b0c46c33ef597) Importer(815301076,1909f56bfc062723c751e8b465ee728b)
Start importing Assets/Prefabs/M4A1 Sopmod.prefab using Guid(d3f46bea009824342b7b0c46c33ef597) Importer(815301076,1909f56bfc062723c751e8b465ee728b)  -> (artifact id: 'f62d6b17dd19581f50db3e5a3733601d') in 0.048356 seconds
  Import took 0.067768 seconds .

========================================================================
Received Import Request.
  Time since last request: 3.554010 seconds.
  path: Assets/Prefabs/M4A1 Sopmod.prefab
  artifactKey: Guid(d3f46bea009824342b7b0c46c33ef597) Importer(815301076,1909f56bfc062723c751e8b465ee728b)
Start importing Assets/Prefabs/M4A1 Sopmod.prefab using Guid(d3f46bea009824342b7b0c46c33ef597) Importer(815301076,1909f56bfc062723c751e8b465ee728b)  -> (artifact id: '3d9a47900cb5066ccd9e5e0c6606d24a') in 0.011724 seconds
  Import took 0.013366 seconds .

========================================================================
Received Import Request.
  Time since last request: 2.208707 seconds.
  path: Assets/Prefabs/M4A1 Sopmod.prefab
  artifactKey: Guid(d3f46bea009824342b7b0c46c33ef597) Importer(815301076,1909f56bfc062723c751e8b465ee728b)
Start importing Assets/Prefabs/M4A1 Sopmod.prefab using Guid(d3f46bea009824342b7b0c46c33ef597) Importer(815301076,1909f56bfc062723c751e8b465ee728b)  -> (artifact id: '7eb841e26ed73860b1ded49df1abf849') in 0.011847 seconds
  Import took 0.024959 seconds .

========================================================================
Received Import Request.
  Time since last request: 0.003774 seconds.
  path: Assets/Prefabs/M4A1 Sopmod.prefab
  artifactKey: Guid(d3f46bea009824342b7b0c46c33ef597) Importer(815301076,1909f56bfc062723c751e8b465ee728b)
Start importing Assets/Prefabs/M4A1 Sopmod.prefab using Guid(d3f46bea009824342b7b0c46c33ef597) Importer(815301076,1909f56bfc062723c751e8b465ee728b)  -> (artifact id: '7eb841e26ed73860b1ded49df1abf849') in 0.011341 seconds
  Import took 0.013017 seconds .

========================================================================
Received Import Request.
  Time since last request: 1.163185 seconds.
  path: Assets/Prefabs/M4A1 Sopmod.prefab
  artifactKey: Guid(d3f46bea009824342b7b0c46c33ef597) Importer(815301076,1909f56bfc062723c751e8b465ee728b)
Start importing Assets/Prefabs/M4A1 Sopmod.prefab using Guid(d3f46bea009824342b7b0c46c33ef597) Importer(815301076,1909f56bfc062723c751e8b465ee728b)  -> (artifact id: '0828a06281a40fa49063640d12c6cc54') in 0.011685 seconds
  Import took 0.013414 seconds .

========================================================================
Received Import Request.
  Time since last request: 3.198046 seconds.
  path: Assets/Prefabs/M4A1 Sopmod.prefab
  artifactKey: Guid(d3f46bea009824342b7b0c46c33ef597) Importer(815301076,1909f56bfc062723c751e8b465ee728b)
Start importing Assets/Prefabs/M4A1 Sopmod.prefab using Guid(d3f46bea009824342b7b0c46c33ef597) Importer(815301076,1909f56bfc062723c751e8b465ee728b)  -> (artifact id: '22d2a9954ac4e0c1e689aa164849f246') in 0.011310 seconds
  Import took 0.012939 seconds .

========================================================================
Received Prepare
Registering precompiled user dll's ...
Registered in 0.000462 seconds.
Begin MonoManager ReloadAssembly
Native extension for WindowsStandalone target not found
Refreshing native plugins compatible for Editor in 0.16 ms, found 0 plugins.
Preloading 0 native plugins for Editor in 0.00 ms.
Invoked RoslynAnalysisRunner static constructor.
RoslynAnalysisRunner will not be running.
RoslynAnalysisRunner has terminated.
Mono: successfully reloaded assembly
- Completed reload, in  0.519 seconds
Platform modules already initialized, skipping
Refreshing native plugins compatible for Editor in 0.17 ms, found 0 plugins.
Preloading 0 native plugins for Editor in 0.00 ms.
Unloading 1120 Unused Serialized files (Serialized files now loaded: 0)
System memory in use before: 63.9 MB.
System memory in use after: 64.0 MB.

Unloading 5 unused Assets to reduce memory usage. Loaded Objects now: 1642.
Total: 1.093700 ms (FindLiveObjects: 0.093600 ms CreateObjectMapping: 0.025500 ms MarkObjects: 0.931200 ms  DeleteObjects: 0.042600 ms)

========================================================================
Received Import Request.
  Time since last request: 29.329051 seconds.
  path: Assets/Prefabs/M4A1 Sopmod.prefab
  artifactKey: Guid(d3f46bea009824342b7b0c46c33ef597) Importer(815301076,1909f56bfc062723c751e8b465ee728b)
Start importing Assets/Prefabs/M4A1 Sopmod.prefab using Guid(d3f46bea009824342b7b0c46c33ef597) Importer(815301076,1909f56bfc062723c751e8b465ee728b)  -> (artifact id: '5fc86b7acd4d97bb331ac4486a0d99d0') in 0.049122 seconds
  Import took 0.050666 seconds .

========================================================================
Received Import Request.
  Time since last request: 31.356819 seconds.
  path: Assets/Prefabs/M4A1 Sopmod.prefab
  artifactKey: Guid(d3f46bea009824342b7b0c46c33ef597) Importer(815301076,1909f56bfc062723c751e8b465ee728b)
Start importing Assets/Prefabs/M4A1 Sopmod.prefab using Guid(d3f46bea009824342b7b0c46c33ef597) Importer(815301076,1909f56bfc062723c751e8b465ee728b)  -> (artifact id: '8f9b226fe5b610bbfcd5a7f2e38eec43') in 0.012206 seconds
  Import took 0.013937 seconds .

========================================================================
Received Import Request.
  Time since last request: 3.989845 seconds.
  path: Assets/Prefabs/M4A1 Sopmod.prefab
  artifactKey: Guid(d3f46bea009824342b7b0c46c33ef597) Importer(815301076,1909f56bfc062723c751e8b465ee728b)
Start importing Assets/Prefabs/M4A1 Sopmod.prefab using Guid(d3f46bea009824342b7b0c46c33ef597) Importer(815301076,1909f56bfc062723c751e8b465ee728b)  -> (artifact id: 'ba973e4e22ab28bb61266e4c95179a50') in 0.012358 seconds
  Import took 0.014032 seconds .

========================================================================
Received Import Request.
  Time since last request: 3.988711 seconds.
  path: Assets/Prefabs/M4A1 Sopmod.prefab
  artifactKey: Guid(d3f46bea009824342b7b0c46c33ef597) Importer(815301076,1909f56bfc062723c751e8b465ee728b)
Start importing Assets/Prefabs/M4A1 Sopmod.prefab using Guid(d3f46bea009824342b7b0c46c33ef597) Importer(815301076,1909f56bfc062723c751e8b465ee728b)  -> (artifact id: '42e0f595edf47632f2063fc8c50c4a35') in 0.011373 seconds
  Import took 0.013069 seconds .

========================================================================
Received Import Request.
  Time since last request: 6.879018 seconds.
  path: Assets/Prefabs/M4A1 Sopmod.prefab
  artifactKey: Guid(d3f46bea009824342b7b0c46c33ef597) Importer(815301076,1909f56bfc062723c751e8b465ee728b)
Start importing Assets/Prefabs/M4A1 Sopmod.prefab using Guid(d3f46bea009824342b7b0c46c33ef597) Importer(815301076,1909f56bfc062723c751e8b465ee728b)  -> (artifact id: '7ce2a76dafa5ff066c82bdcd5ddd15b8') in 0.012473 seconds
  Import took 0.014159 seconds .

========================================================================
Received Import Request.
  Time since last request: 0.002657 seconds.
  path: Assets/Prefabs/M4A1 Sopmod.prefab
  artifactKey: Guid(d3f46bea009824342b7b0c46c33ef597) Importer(815301076,1909f56bfc062723c751e8b465ee728b)
Start importing Assets/Prefabs/M4A1 Sopmod.prefab using Guid(d3f46bea009824342b7b0c46c33ef597) Importer(815301076,1909f56bfc062723c751e8b465ee728b)  -> (artifact id: '7ce2a76dafa5ff066c82bdcd5ddd15b8') in 0.012434 seconds
  Import took 0.014066 seconds .

========================================================================
Received Import Request.
  Time since last request: 2.408558 seconds.
  path: Assets/Prefabs/M4A1 Sopmod.prefab
  artifactKey: Guid(d3f46bea009824342b7b0c46c33ef597) Importer(815301076,1909f56bfc062723c751e8b465ee728b)
Start importing Assets/Prefabs/M4A1 Sopmod.prefab using Guid(d3f46bea009824342b7b0c46c33ef597) Importer(815301076,1909f56bfc062723c751e8b465ee728b)  -> (artifact id: '0a9500f9322db47a26f83a944ea56b96') in 0.011673 seconds
  Import took 0.013340 seconds .

========================================================================
Received Import Request.
  Time since last request: 0.002057 seconds.
  path: Assets/Prefabs/M4A1 Sopmod.prefab
  artifactKey: Guid(d3f46bea009824342b7b0c46c33ef597) Importer(815301076,1909f56bfc062723c751e8b465ee728b)
Start importing Assets/Prefabs/M4A1 Sopmod.prefab using Guid(d3f46bea009824342b7b0c46c33ef597) Importer(815301076,1909f56bfc062723c751e8b465ee728b)  -> (artifact id: '0a9500f9322db47a26f83a944ea56b96') in 0.011825 seconds
  Import took 0.013456 seconds .

========================================================================
Received Prepare
Registering precompiled user dll's ...
Registered in 0.000426 seconds.
Begin MonoManager ReloadAssembly
Native extension for WindowsStandalone target not found
Refreshing native plugins compatible for Editor in 0.18 ms, found 0 plugins.
Preloading 0 native plugins for Editor in 0.00 ms.
Invoked RoslynAnalysisRunner static constructor.
RoslynAnalysisRunner will not be running.
RoslynAnalysisRunner has terminated.
Mono: successfully reloaded assembly
- Completed reload, in  0.528 seconds
Platform modules already initialized, skipping
Refreshing native plugins compatible for Editor in 0.17 ms, found 0 plugins.
Preloading 0 native plugins for Editor in 0.00 ms.
Unloading 1120 Unused Serialized files (Serialized files now loaded: 0)
System memory in use before: 64.0 MB.
System memory in use after: 64.1 MB.

Unloading 5 unused Assets to reduce memory usage. Loaded Objects now: 1645.
Total: 1.145300 ms (FindLiveObjects: 0.104100 ms CreateObjectMapping: 0.025300 ms MarkObjects: 0.966800 ms  DeleteObjects: 0.048300 ms)

========================================================================
Received Prepare
Registering precompiled user dll's ...
Registered in 0.000422 seconds.
Begin MonoManager ReloadAssembly
Native extension for WindowsStandalone target not found
Refreshing native plugins compatible for Editor in 0.18 ms, found 0 plugins.
Preloading 0 native plugins for Editor in 0.00 ms.
Invoked RoslynAnalysisRunner static constructor.
RoslynAnalysisRunner will not be running.
RoslynAnalysisRunner has terminated.
Mono: successfully reloaded assembly
- Completed reload, in  0.525 seconds
Platform modules already initialized, skipping
Refreshing native plugins compatible for Editor in 0.17 ms, found 0 plugins.
Preloading 0 native plugins for Editor in 0.00 ms.
Unloading 1120 Unused Serialized files (Serialized files now loaded: 0)
System memory in use before: 64.0 MB.
System memory in use after: 64.1 MB.

Unloading 5 unused Assets to reduce memory usage. Loaded Objects now: 1647.
Total: 1.141900 ms (FindLiveObjects: 0.111000 ms CreateObjectMapping: 0.027000 ms MarkObjects: 0.952000 ms  DeleteObjects: 0.050900 ms)

========================================================================
Received Prepare
Registering precompiled user dll's ...
Registered in 0.000483 seconds.
Begin MonoManager ReloadAssembly
Native extension for WindowsStandalone target not found
Refreshing native plugins compatible for Editor in 0.17 ms, found 0 plugins.
Preloading 0 native plugins for Editor in 0.00 ms.
Invoked RoslynAnalysisRunner static constructor.
RoslynAnalysisRunner will not be running.
RoslynAnalysisRunner has terminated.
Mono: successfully reloaded assembly
- Completed reload, in  0.535 seconds
Platform modules already initialized, skipping
Refreshing native plugins compatible for Editor in 0.19 ms, found 0 plugins.
Preloading 0 native plugins for Editor in 0.00 ms.
Unloading 1120 Unused Serialized files (Serialized files now loaded: 0)
System memory in use before: 64.0 MB.
System memory in use after: 64.1 MB.

Unloading 5 unused Assets to reduce memory usage. Loaded Objects now: 1649.
Total: 1.282200 ms (FindLiveObjects: 0.118900 ms CreateObjectMapping: 0.030300 ms MarkObjects: 1.079100 ms  DeleteObjects: 0.053100 ms)

========================================================================
Received Import Request.
  Time since last request: 166.876535 seconds.
  path: Assets/Scenes/Main Menu.unity
  artifactKey: Guid(b342f53074b2c7a448b39cfce043887c) Importer(815301076,1909f56bfc062723c751e8b465ee728b)
Start importing Assets/Scenes/Main Menu.unity using Guid(b342f53074b2c7a448b39cfce043887c) Importer(815301076,1909f56bfc062723c751e8b465ee728b)  -> (artifact id: 'dd0104b0ab72fd957311532aa9843ebe') in 0.008269 seconds
  Import took 0.009718 seconds .

========================================================================
Received Prepare
Registering precompiled user dll's ...
Registered in 0.000430 seconds.
Begin MonoManager ReloadAssembly
Native extension for WindowsStandalone target not found
Refreshing native plugins compatible for Editor in 0.17 ms, found 0 plugins.
Preloading 0 native plugins for Editor in 0.00 ms.
Invoked RoslynAnalysisRunner static constructor.
RoslynAnalysisRunner will not be running.
RoslynAnalysisRunner has terminated.
Mono: successfully reloaded assembly
- Completed reload, in  0.517 seconds
Platform modules already initialized, skipping
Refreshing native plugins compatible for Editor in 0.16 ms, found 0 plugins.
Preloading 0 native plugins for Editor in 0.00 ms.
Unloading 1120 Unused Serialized files (Serialized files now loaded: 0)
System memory in use before: 64.0 MB.
System memory in use after: 64.1 MB.

Unloading 5 unused Assets to reduce memory usage. Loaded Objects now: 1651.
Total: 1.129600 ms (FindLiveObjects: 0.095200 ms CreateObjectMapping: 0.026000 ms MarkObjects: 0.963600 ms  DeleteObjects: 0.044100 ms)

========================================================================
Received Import Request.
  Time since last request: 177.325451 seconds.
  path: Assets/TextMesh Pro/Resources/Fonts & Materials/LiberationSans SDF - Outline.mat
  artifactKey: Guid(79459efec17a4d00a321bdcc27bbc385) Importer(815301076,1909f56bfc062723c751e8b465ee728b)
Start importing Assets/TextMesh Pro/Resources/Fonts & Materials/LiberationSans SDF - Outline.mat using Guid(79459efec17a4d00a321bdcc27bbc385) Importer(815301076,1909f56bfc062723c751e8b465ee728b)  -> (artifact id: 'b79c5471f37031f9c6cf664112b39177') in 0.070623 seconds
  Import took 0.072509 seconds .

========================================================================
Received Import Request.
  Time since last request: 0.000115 seconds.
  path: Assets/TextMesh Pro/Resources/Fonts & Materials/LiberationSans SDF - Drop Shadow.mat
  artifactKey: Guid(e73a58f6e2794ae7b1b7e50b7fb811b0) Importer(815301076,1909f56bfc062723c751e8b465ee728b)
Start importing Assets/TextMesh Pro/Resources/Fonts & Materials/LiberationSans SDF - Drop Shadow.mat using Guid(e73a58f6e2794ae7b1b7e50b7fb811b0) Importer(815301076,1909f56bfc062723c751e8b465ee728b)  -> (artifact id: '923580263a342e6401f6307fe262bd3a') in 0.028688 seconds
  Import took 0.030268 seconds .

========================================================================
Received Import Request.
  Time since last request: 0.000122 seconds.
  path: Assets/TextMesh Pro/Resources/Fonts & Materials/LiberationSans SDF.asset
  artifactKey: Guid(8f586378b4e144a9851e7b34d9b748ee) Importer(815301076,1909f56bfc062723c751e8b465ee728b)
Start importing Assets/TextMesh Pro/Resources/Fonts & Materials/LiberationSans SDF.asset using Guid(8f586378b4e144a9851e7b34d9b748ee) Importer(815301076,1909f56bfc062723c751e8b465ee728b)  -> (artifact id: '98dca882bb4c95bbc5fafd864c2fbca3') in 0.085987 seconds
  Import took 0.087455 seconds .

========================================================================
Received Import Request.
  Time since last request: 0.000114 seconds.
  path: Assets/TextMesh Pro/Fonts/LiberationSans.ttf
  artifactKey: Guid(e3265ab4bf004d28a9537516768c1c75) Importer(815301076,1909f56bfc062723c751e8b465ee728b)
Start importing Assets/TextMesh Pro/Fonts/LiberationSans.ttf using Guid(e3265ab4bf004d28a9537516768c1c75) Importer(815301076,1909f56bfc062723c751e8b465ee728b)  -> (artifact id: '86b8f6f5e9558771b49ae61e41fc866b') in 0.129998 seconds
  Import took 0.143299 seconds .

========================================================================
Received Prepare
Registering precompiled user dll's ...
Registered in 0.000473 seconds.
Begin MonoManager ReloadAssembly
Native extension for WindowsStandalone target not found
Refreshing native plugins compatible for Editor in 0.18 ms, found 0 plugins.
Preloading 0 native plugins for Editor in 0.00 ms.
Invoked RoslynAnalysisRunner static constructor.
RoslynAnalysisRunner will not be running.
RoslynAnalysisRunner has terminated.
Mono: successfully reloaded assembly
- Completed reload, in  0.527 seconds
Platform modules already initialized, skipping
Refreshing native plugins compatible for Editor in 0.17 ms, found 0 plugins.
Preloading 0 native plugins for Editor in 0.00 ms.
Unloading 1120 Unused Serialized files (Serialized files now loaded: 0)
System memory in use before: 64.4 MB.
System memory in use after: 64.5 MB.

Unloading 5 unused Assets to reduce memory usage. Loaded Objects now: 1691.
Total: 1.125400 ms (FindLiveObjects: 0.100800 ms CreateObjectMapping: 0.024500 ms MarkObjects: 0.952600 ms  DeleteObjects: 0.046700 ms)

========================================================================
Received Import Request.
  Time since last request: 251.220552 seconds.
  path: Assets/Scripts/Health.cs
  artifactKey: Guid(a78a3b66ff324c84da2bb25b2b926a1b) Importer(815301076,1909f56bfc062723c751e8b465ee728b)
Start importing Assets/Scripts/Health.cs using Guid(a78a3b66ff324c84da2bb25b2b926a1b) Importer(815301076,1909f56bfc062723c751e8b465ee728b)  -> (artifact id: '7b04ddafa5e5a9613eeb255490ce560f') in 0.021344 seconds
  Import took 0.041980 seconds .

========================================================================
Received Prepare
Registering precompiled user dll's ...
Registered in 0.000453 seconds.
Begin MonoManager ReloadAssembly
Native extension for WindowsStandalone target not found
Refreshing native plugins compatible for Editor in 0.17 ms, found 0 plugins.
Preloading 0 native plugins for Editor in 0.00 ms.
Invoked RoslynAnalysisRunner static constructor.
RoslynAnalysisRunner will not be running.
RoslynAnalysisRunner has terminated.
Mono: successfully reloaded assembly
- Completed reload, in  0.523 seconds
Platform modules already initialized, skipping
Refreshing native plugins compatible for Editor in 0.17 ms, found 0 plugins.
Preloading 0 native plugins for Editor in 0.00 ms.
Unloading 1120 Unused Serialized files (Serialized files now loaded: 0)
System memory in use before: 64.4 MB.
System memory in use after: 64.5 MB.

Unloading 5 unused Assets to reduce memory usage. Loaded Objects now: 1693.
Total: 1.172000 ms (FindLiveObjects: 0.106900 ms CreateObjectMapping: 0.030300 ms MarkObjects: 0.986200 ms  DeleteObjects: 0.047800 ms)

========================================================================
Received Import Request.
  Time since last request: 78.376871 seconds.
  path: ProjectSettings/TagManager.asset
  artifactKey: Guid(00000000000000003000000000000000) Importer(815301076,1909f56bfc062723c751e8b465ee728b)
Start importing ProjectSettings/TagManager.asset using Guid(00000000000000003000000000000000) Importer(815301076,1909f56bfc062723c751e8b465ee728b)  -> (artifact id: 'c53b11e8df32165597f4dbff7ba930cb') in 0.011273 seconds
  Import took 0.032412 seconds .

========================================================================
Received Import Request.
  Time since last request: 9.168934 seconds.
  path: Assets/Prefabs/enemy.prefab
  artifactKey: Guid(76936a17c0a87814284bc74975a26cb3) Importer(815301076,1909f56bfc062723c751e8b465ee728b)
Start importing Assets/Prefabs/enemy.prefab using Guid(76936a17c0a87814284bc74975a26cb3) Importer(815301076,1909f56bfc062723c751e8b465ee728b)  -> (artifact id: 'a7d66580da05f24e33ac429b61df1f0f') in 0.099352 seconds
  Import took 0.102774 seconds .

========================================================================
Received Import Request.
  Time since last request: 0.000121 seconds.
  path: Assets/Prefabs/player.prefab
  artifactKey: Guid(14c2870d5efb8cc42921cfc7763e2733) Importer(815301076,1909f56bfc062723c751e8b465ee728b)
Start importing Assets/Prefabs/player.prefab using Guid(14c2870d5efb8cc42921cfc7763e2733) Importer(815301076,1909f56bfc062723c751e8b465ee728b)  -> (artifact id: '37d7adc30aeaded6ed4108faed3bcab3') in 0.059820 seconds
  Import took 0.063107 seconds .

========================================================================
Received Import Request.
  Time since last request: 0.972366 seconds.
  path: Assets/Prefabs/Spawner.prefab
  artifactKey: Guid(651e8e991a6f42449bfacc14bf1c90e2) Importer(815301076,1909f56bfc062723c751e8b465ee728b)
Start importing Assets/Prefabs/Spawner.prefab using Guid(651e8e991a6f42449bfacc14bf1c90e2) Importer(815301076,1909f56bfc062723c751e8b465ee728b)  -> (artifact id: '8d2a01c32a454b9d2c3a3b9979644563') in 0.010003 seconds
  Import took 0.011874 seconds .

========================================================================
Received Import Request.
  Time since last request: 0.000866 seconds.
  path: Assets/Prefabs/Spawner.prefab
  artifactKey: Guid(651e8e991a6f42449bfacc14bf1c90e2) Importer(815301076,1909f56bfc062723c751e8b465ee728b)
Start importing Assets/Prefabs/Spawner.prefab using Guid(651e8e991a6f42449bfacc14bf1c90e2) Importer(815301076,1909f56bfc062723c751e8b465ee728b)  -> (artifact id: '8d2a01c32a454b9d2c3a3b9979644563') in 0.007046 seconds
  Import took 0.009106 seconds .

========================================================================
Received Prepare
Registering precompiled user dll's ...
Registered in 0.000429 seconds.
Begin MonoManager ReloadAssembly
Native extension for WindowsStandalone target not found
Refreshing native plugins compatible for Editor in 0.18 ms, found 0 plugins.
Preloading 0 native plugins for Editor in 0.00 ms.
Invoked RoslynAnalysisRunner static constructor.
RoslynAnalysisRunner will not be running.
RoslynAnalysisRunner has terminated.
Mono: successfully reloaded assembly
- Completed reload, in  0.534 seconds
Platform modules already initialized, skipping
Refreshing native plugins compatible for Editor in 0.16 ms, found 0 plugins.
Preloading 0 native plugins for Editor in 0.00 ms.
Unloading 1120 Unused Serialized files (Serialized files now loaded: 0)
System memory in use before: 78.5 MB.
System memory in use after: 78.6 MB.

Unloading 8 unused Assets to reduce memory usage. Loaded Objects now: 1697.
Total: 1.178400 ms (FindLiveObjects: 0.105700 ms CreateObjectMapping: 0.026800 ms MarkObjects: 0.989000 ms  DeleteObjects: 0.055900 ms)

========================================================================
Received Prepare
Registering precompiled user dll's ...
Registered in 0.000443 seconds.
Begin MonoManager ReloadAssembly
Native extension for WindowsStandalone target not found
Refreshing native plugins compatible for Editor in 0.21 ms, found 0 plugins.
Preloading 0 native plugins for Editor in 0.00 ms.
Invoked RoslynAnalysisRunner static constructor.
RoslynAnalysisRunner will not be running.
RoslynAnalysisRunner has terminated.
Mono: successfully reloaded assembly
- Completed reload, in  0.519 seconds
Platform modules already initialized, skipping
Refreshing native plugins compatible for Editor in 0.17 ms, found 0 plugins.
Preloading 0 native plugins for Editor in 0.00 ms.
Unloading 1120 Unused Serialized files (Serialized files now loaded: 0)
System memory in use before: 78.5 MB.
System memory in use after: 78.6 MB.

Unloading 5 unused Assets to reduce memory usage. Loaded Objects now: 1699.
Total: 1.192300 ms (FindLiveObjects: 0.113100 ms CreateObjectMapping: 0.031400 ms MarkObjects: 0.996400 ms  DeleteObjects: 0.050700 ms)

========================================================================
Received Prepare
Registering precompiled user dll's ...
Registered in 0.000424 seconds.
Begin MonoManager ReloadAssembly
Native extension for WindowsStandalone target not found
Refreshing native plugins compatible for Editor in 0.17 ms, found 0 plugins.
Preloading 0 native plugins for Editor in 0.00 ms.
Invoked RoslynAnalysisRunner static constructor.
RoslynAnalysisRunner will not be running.
RoslynAnalysisRunner has terminated.
Mono: successfully reloaded assembly
- Completed reload, in  0.519 seconds
Platform modules already initialized, skipping
Refreshing native plugins compatible for Editor in 0.17 ms, found 0 plugins.
Preloading 0 native plugins for Editor in 0.00 ms.
Unloading 1120 Unused Serialized files (Serialized files now loaded: 0)
System memory in use before: 78.5 MB.
System memory in use after: 78.6 MB.

Unloading 5 unused Assets to reduce memory usage. Loaded Objects now: 1701.
Total: 1.165000 ms (FindLiveObjects: 0.100900 ms CreateObjectMapping: 0.025800 ms MarkObjects: 0.992300 ms  DeleteObjects: 0.045200 ms)

========================================================================
Received Prepare
Registering precompiled user dll's ...
Registered in 0.000505 seconds.
Begin MonoManager ReloadAssembly
Native extension for WindowsStandalone target not found
Refreshing native plugins compatible for Editor in 0.17 ms, found 0 plugins.
Preloading 0 native plugins for Editor in 0.00 ms.
Invoked RoslynAnalysisRunner static constructor.
RoslynAnalysisRunner will not be running.
RoslynAnalysisRunner has terminated.
Mono: successfully reloaded assembly
- Completed reload, in  0.523 seconds
Platform modules already initialized, skipping
Refreshing native plugins compatible for Editor in 0.17 ms, found 0 plugins.
Preloading 0 native plugins for Editor in 0.00 ms.
Unloading 1120 Unused Serialized files (Serialized files now loaded: 0)
System memory in use before: 78.5 MB.
System memory in use after: 78.6 MB.

Unloading 5 unused Assets to reduce memory usage. Loaded Objects now: 1703.
Total: 1.126900 ms (FindLiveObjects: 0.105900 ms CreateObjectMapping: 0.030700 ms MarkObjects: 0.941500 ms  DeleteObjects: 0.047900 ms)

========================================================================
Received Prepare
Refreshing native plugins compatible for Editor in 0.55 ms, found 0 plugins.
Preloading 0 native plugins for Editor in 0.00 ms.
Unloading 3 Unused Serialized files (Serialized files now loaded: 0)
System memory in use before: 56.4 MB.
System memory in use after: 56.5 MB.

Unloading 3 unused Assets to reduce memory usage. Loaded Objects now: 1703.
Total: 1.383900 ms (FindLiveObjects: 0.110800 ms CreateObjectMapping: 0.028200 ms MarkObjects: 1.196200 ms  DeleteObjects: 0.047600 ms)

========================================================================
Received Prepare
Refreshing native plugins compatible for Editor in 0.53 ms, found 0 plugins.
Preloading 0 native plugins for Editor in 0.00 ms.
Unloading 3 Unused Serialized files (Serialized files now loaded: 0)
System memory in use before: 56.4 MB.
System memory in use after: 56.5 MB.

Unloading 3 unused Assets to reduce memory usage. Loaded Objects now: 1703.
Total: 1.496600 ms (FindLiveObjects: 0.123800 ms CreateObjectMapping: 0.025800 ms MarkObjects: 1.300000 ms  DeleteObjects: 0.046100 ms)

========================================================================
Received Prepare
Refreshing native plugins compatible for Editor in 0.52 ms, found 0 plugins.
Preloading 0 native plugins for Editor in 0.00 ms.
Unloading 3 Unused Serialized files (Serialized files now loaded: 0)
System memory in use before: 56.4 MB.
System memory in use after: 56.5 MB.

Unloading 3 unused Assets to reduce memory usage. Loaded Objects now: 1703.
Total: 1.545900 ms (FindLiveObjects: 0.136100 ms CreateObjectMapping: 0.027800 ms MarkObjects: 1.334400 ms  DeleteObjects: 0.046800 ms)

========================================================================
Received Prepare
Registering precompiled user dll's ...
Registered in 0.000478 seconds.
Begin MonoManager ReloadAssembly
Native extension for WindowsStandalone target not found
Refreshing native plugins compatible for Editor in 0.17 ms, found 0 plugins.
Preloading 0 native plugins for Editor in 0.00 ms.
Invoked RoslynAnalysisRunner static constructor.
RoslynAnalysisRunner will not be running.
RoslynAnalysisRunner has terminated.
Mono: successfully reloaded assembly
- Completed reload, in  0.524 seconds
Platform modules already initialized, skipping
Refreshing native plugins compatible for Editor in 0.17 ms, found 0 plugins.
Preloading 0 native plugins for Editor in 0.00 ms.
Unloading 1120 Unused Serialized files (Serialized files now loaded: 0)
System memory in use before: 78.5 MB.
System memory in use after: 78.6 MB.

Unloading 5 unused Assets to reduce memory usage. Loaded Objects now: 1705.
Total: 1.146200 ms (FindLiveObjects: 0.114300 ms CreateObjectMapping: 0.028800 ms MarkObjects: 0.955400 ms  DeleteObjects: 0.047000 ms)

========================================================================
Received Prepare
Refreshing native plugins compatible for Editor in 0.56 ms, found 0 plugins.
Preloading 0 native plugins for Editor in 0.00 ms.
Unloading 3 Unused Serialized files (Serialized files now loaded: 0)
System memory in use before: 56.4 MB.
System memory in use after: 56.5 MB.

Unloading 3 unused Assets to reduce memory usage. Loaded Objects now: 1705.
Total: 1.268300 ms (FindLiveObjects: 0.106000 ms CreateObjectMapping: 0.027500 ms MarkObjects: 1.085900 ms  DeleteObjects: 0.048100 ms)

========================================================================
Received Prepare
Registering precompiled user dll's ...
Registered in 0.000439 seconds.
Begin MonoManager ReloadAssembly
Native extension for WindowsStandalone target not found
Refreshing native plugins compatible for Editor in 0.17 ms, found 0 plugins.
Preloading 0 native plugins for Editor in 0.00 ms.
Invoked RoslynAnalysisRunner static constructor.
RoslynAnalysisRunner will not be running.
RoslynAnalysisRunner has terminated.
Mono: successfully reloaded assembly
- Completed reload, in  0.521 seconds
Platform modules already initialized, skipping
Refreshing native plugins compatible for Editor in 0.17 ms, found 0 plugins.
Preloading 0 native plugins for Editor in 0.00 ms.
Unloading 1120 Unused Serialized files (Serialized files now loaded: 0)
System memory in use before: 78.5 MB.
System memory in use after: 78.6 MB.

Unloading 5 unused Assets to reduce memory usage. Loaded Objects now: 1707.
Total: 1.147600 ms (FindLiveObjects: 0.098400 ms CreateObjectMapping: 0.026500 ms MarkObjects: 0.979100 ms  DeleteObjects: 0.042800 ms)

========================================================================
Received Prepare
Registering precompiled user dll's ...
Registered in 0.000469 seconds.
Begin MonoManager ReloadAssembly
Native extension for WindowsStandalone target not found
Refreshing native plugins compatible for Editor in 0.17 ms, found 0 plugins.
Preloading 0 native plugins for Editor in 0.00 ms.
Invoked RoslynAnalysisRunner static constructor.
RoslynAnalysisRunner will not be running.
RoslynAnalysisRunner has terminated.
Mono: successfully reloaded assembly
- Completed reload, in  0.651 seconds
Platform modules already initialized, skipping
Refreshing native plugins compatible for Editor in 0.17 ms, found 0 plugins.
Preloading 0 native plugins for Editor in 0.00 ms.
Unloading 1120 Unused Serialized files (Serialized files now loaded: 0)
System memory in use before: 78.5 MB.
System memory in use after: 78.6 MB.

Unloading 5 unused Assets to reduce memory usage. Loaded Objects now: 1709.
Total: 1.209800 ms (FindLiveObjects: 0.117000 ms CreateObjectMapping: 0.027500 ms MarkObjects: 1.014600 ms  DeleteObjects: 0.049700 ms)

========================================================================
Received Prepare
Refreshing native plugins compatible for Editor in 0.60 ms, found 0 plugins.
Preloading 0 native plugins for Editor in 0.00 ms.
Unloading 3 Unused Serialized files (Serialized files now loaded: 0)
System memory in use before: 56.4 MB.
System memory in use after: 56.5 MB.

Unloading 3 unused Assets to reduce memory usage. Loaded Objects now: 1709.
Total: 1.246900 ms (FindLiveObjects: 0.103700 ms CreateObjectMapping: 0.032100 ms MarkObjects: 1.063900 ms  DeleteObjects: 0.046500 ms)

========================================================================
Received Prepare
Refreshing native plugins compatible for Editor in 0.51 ms, found 0 plugins.
Preloading 0 native plugins for Editor in 0.00 ms.
Unloading 3 Unused Serialized files (Serialized files now loaded: 0)
System memory in use before: 56.4 MB.
System memory in use after: 56.5 MB.

Unloading 3 unused Assets to reduce memory usage. Loaded Objects now: 1709.
Total: 1.499900 ms (FindLiveObjects: 0.122500 ms CreateObjectMapping: 0.030200 ms MarkObjects: 1.299600 ms  DeleteObjects: 0.046900 ms)

========================================================================
Received Prepare
Registering precompiled user dll's ...
Registered in 0.000456 seconds.
Begin MonoManager ReloadAssembly
Native extension for WindowsStandalone target not found
Refreshing native plugins compatible for Editor in 0.20 ms, found 0 plugins.
Preloading 0 native plugins for Editor in 0.00 ms.
Invoked RoslynAnalysisRunner static constructor.
RoslynAnalysisRunner will not be running.
RoslynAnalysisRunner has terminated.
Mono: successfully reloaded assembly
- Completed reload, in  0.554 seconds
Platform modules already initialized, skipping
Refreshing native plugins compatible for Editor in 0.17 ms, found 0 plugins.
Preloading 0 native plugins for Editor in 0.00 ms.
Unloading 1120 Unused Serialized files (Serialized files now loaded: 0)
System memory in use before: 78.6 MB.
System memory in use after: 78.6 MB.

Unloading 5 unused Assets to reduce memory usage. Loaded Objects now: 1711.
Total: 1.202000 ms (FindLiveObjects: 0.117900 ms CreateObjectMapping: 0.034700 ms MarkObjects: 0.996800 ms  DeleteObjects: 0.051700 ms)

========================================================================
Received Prepare
Registering precompiled user dll's ...
Registered in 0.000469 seconds.
Begin MonoManager ReloadAssembly
Native extension for WindowsStandalone target not found
Refreshing native plugins compatible for Editor in 0.17 ms, found 0 plugins.
Preloading 0 native plugins for Editor in 0.00 ms.
Invoked RoslynAnalysisRunner static constructor.
RoslynAnalysisRunner will not be running.
RoslynAnalysisRunner has terminated.
Mono: successfully reloaded assembly
- Completed reload, in  0.526 seconds
Platform modules already initialized, skipping
Refreshing native plugins compatible for Editor in 0.17 ms, found 0 plugins.
Preloading 0 native plugins for Editor in 0.00 ms.
Unloading 1120 Unused Serialized files (Serialized files now loaded: 0)
System memory in use before: 78.6 MB.
System memory in use after: 78.6 MB.

Unloading 5 unused Assets to reduce memory usage. Loaded Objects now: 1713.
Total: 1.155400 ms (FindLiveObjects: 0.104000 ms CreateObjectMapping: 0.025700 ms MarkObjects: 0.975200 ms  DeleteObjects: 0.049700 ms)

========================================================================
Received Import Request.
  Time since last request: 885.862007 seconds.
  path: Assets/Scenes/SampleScene.unity
  artifactKey: Guid(9fc0d4010bbf28b4594072e72b8655ab) Importer(815301076,1909f56bfc062723c751e8b465ee728b)
Start importing Assets/Scenes/SampleScene.unity using Guid(9fc0d4010bbf28b4594072e72b8655ab) Importer(815301076,1909f56bfc062723c751e8b465ee728b)  -> (artifact id: '67a24013c2f9211bd3ba278cd6ed18b9') in 0.009651 seconds
  Import took 0.011282 seconds .

========================================================================
Received Prepare
Registering precompiled user dll's ...
Registered in 0.000523 seconds.
Begin MonoManager ReloadAssembly
Native extension for WindowsStandalone target not found
Refreshing native plugins compatible for Editor in 0.19 ms, found 0 plugins.
Preloading 0 native plugins for Editor in 0.00 ms.
Invoked RoslynAnalysisRunner static constructor.
RoslynAnalysisRunner will not be running.
RoslynAnalysisRunner has terminated.
Mono: successfully reloaded assembly
- Completed reload, in  0.567 seconds
Platform modules already initialized, skipping
Refreshing native plugins compatible for Editor in 0.16 ms, found 0 plugins.
Preloading 0 native plugins for Editor in 0.00 ms.
Unloading 1120 Unused Serialized files (Serialized files now loaded: 0)
System memory in use before: 78.6 MB.
System memory in use after: 78.6 MB.

Unloading 5 unused Assets to reduce memory usage. Loaded Objects now: 1715.
Total: 1.263000 ms (FindLiveObjects: 0.119500 ms CreateObjectMapping: 0.029300 ms MarkObjects: 1.057900 ms  DeleteObjects: 0.055500 ms)

========================================================================
Received Prepare
Registering precompiled user dll's ...
Registered in 0.000460 seconds.
Begin MonoManager ReloadAssembly
Native extension for WindowsStandalone target not found
Refreshing native plugins compatible for Editor in 0.20 ms, found 0 plugins.
Preloading 0 native plugins for Editor in 0.00 ms.
Invoked RoslynAnalysisRunner static constructor.
RoslynAnalysisRunner will not be running.
RoslynAnalysisRunner has terminated.
Mono: successfully reloaded assembly
- Completed reload, in  0.556 seconds
Platform modules already initialized, skipping
Refreshing native plugins compatible for Editor in 0.21 ms, found 0 plugins.
Preloading 0 native plugins for Editor in 0.00 ms.
Unloading 1120 Unused Serialized files (Serialized files now loaded: 0)
System memory in use before: 78.6 MB.
System memory in use after: 78.7 MB.

Unloading 5 unused Assets to reduce memory usage. Loaded Objects now: 1717.
Total: 1.207300 ms (FindLiveObjects: 0.113900 ms CreateObjectMapping: 0.026300 ms MarkObjects: 1.014500 ms  DeleteObjects: 0.051600 ms)

========================================================================
Received Prepare
Registering precompiled user dll's ...
Registered in 0.000590 seconds.
Begin MonoManager ReloadAssembly
Native extension for WindowsStandalone target not found
Refreshing native plugins compatible for Editor in 0.23 ms, found 0 plugins.
Preloading 0 native plugins for Editor in 0.00 ms.
Invoked RoslynAnalysisRunner static constructor.
RoslynAnalysisRunner will not be running.
RoslynAnalysisRunner has terminated.
Mono: successfully reloaded assembly
- Completed reload, in  0.555 seconds
Platform modules already initialized, skipping
Refreshing native plugins compatible for Editor in 0.18 ms, found 0 plugins.
Preloading 0 native plugins for Editor in 0.00 ms.
Unloading 1120 Unused Serialized files (Serialized files now loaded: 0)
System memory in use before: 78.6 MB.
System memory in use after: 78.7 MB.

Unloading 5 unused Assets to reduce memory usage. Loaded Objects now: 1719.
Total: 1.162300 ms (FindLiveObjects: 0.109500 ms CreateObjectMapping: 0.029400 ms MarkObjects: 0.974800 ms  DeleteObjects: 0.047800 ms)

AssetImportWorkerClient::OnTransportError - code=2 error=End of file
